2025-07-24 16:24:45,679 - INFO - HTTP Request: GET https://ndhmlymnbrewflharfmr.supabase.co/rest/v1/podcasts?select=%2A&order=date.desc "HTTP/2 200 OK"
2025-07-24 16:24:45,951 - INFO - Analizando 485 episodios con web_playlist...
2025-07-24 16:24:45,951 - INFO - 
🔧 Corrigiendo Episodio #276 - Popcasting 276
2025-07-24 16:24:45,951 - INFO -    ID: 210
2025-07-24 16:24:46,269 - INFO - HTTP Request: PATCH https://ndhmlymnbrewflharfmr.supabase.co/rest/v1/podcasts?id=eq.210 "HTTP/2 200 OK"
2025-07-24 16:24:46,271 - INFO -    ✅ Corregido: Agregar posición 1 faltante
2025-07-24 16:24:46,271 - INFO -    📏 Longitud: 1855 → 1955 caracteres
2025-07-24 16:24:46,272 - INFO - 
🔧 Corrigiendo Episodio #84 - Popcasting84
2025-07-24 16:24:46,272 - INFO -    ID: 386
2025-07-24 16:24:46,399 - INFO - HTTP Request: PATCH https://ndhmlymnbrewflharfmr.supabase.co/rest/v1/podcasts?id=eq.386 "HTTP/2 200 OK"
2025-07-24 16:24:46,400 - INFO -    ✅ Corregido: Convertir array de strings a JSON
2025-07-24 16:24:46,400 - INFO -    📏 Longitud: 431 → 927 caracteres
2025-07-24 16:24:46,400 - INFO - 
🔧 Corrigiendo Episodio #68 - Popcasting68
2025-07-24 16:24:46,401 - INFO -    ID: 388
2025-07-24 16:24:46,522 - INFO - HTTP Request: PATCH https://ndhmlymnbrewflharfmr.supabase.co/rest/v1/podcasts?id=eq.388 "HTTP/2 200 OK"
2025-07-24 16:24:46,524 - INFO -    ✅ Corregido: Convertir array de strings a JSON
2025-07-24 16:24:46,524 - INFO -    📏 Longitud: 420 → 921 caracteres
2025-07-24 16:24:46,524 - INFO - 
🔧 Corrigiendo Episodio #67 - Popcasting67
2025-07-24 16:24:46,524 - INFO -    ID: 389
2025-07-24 16:24:46,658 - INFO - HTTP Request: PATCH https://ndhmlymnbrewflharfmr.supabase.co/rest/v1/podcasts?id=eq.389 "HTTP/2 200 OK"
2025-07-24 16:24:46,660 - INFO -    ✅ Corregido: Convertir array de strings a JSON
2025-07-24 16:24:46,660 - INFO -    📏 Longitud: 459 → 1001 caracteres
2025-07-24 16:24:46,660 - INFO - 
🔧 Corrigiendo Episodio #66 - Popcasting66
2025-07-24 16:24:46,660 - INFO -    ID: 390
2025-07-24 16:24:46,967 - INFO - HTTP Request: PATCH https://ndhmlymnbrewflharfmr.supabase.co/rest/v1/podcasts?id=eq.390 "HTTP/2 200 OK"
2025-07-24 16:24:46,969 - INFO -    ✅ Corregido: Convertir array de strings a JSON
2025-07-24 16:24:46,969 - INFO -    📏 Longitud: 401 → 902 caracteres
2025-07-24 16:24:46,969 - INFO - 
🔧 Corrigiendo Episodio #65 - Popcasting65
2025-07-24 16:24:46,970 - INFO -    ID: 391
2025-07-24 16:24:47,291 - INFO - HTTP Request: PATCH https://ndhmlymnbrewflharfmr.supabase.co/rest/v1/podcasts?id=eq.391 "HTTP/2 200 OK"
2025-07-24 16:24:47,293 - INFO -    ✅ Corregido: Convertir array de strings a JSON
2025-07-24 16:24:47,294 - INFO -    📏 Longitud: 431 → 932 caracteres
2025-07-24 16:24:47,294 - INFO - 
🔧 Corrigiendo Episodio #63 - Popcasting63
2025-07-24 16:24:47,294 - INFO -    ID: 393
2025-07-24 16:24:47,417 - INFO - HTTP Request: PATCH https://ndhmlymnbrewflharfmr.supabase.co/rest/v1/podcasts?id=eq.393 "HTTP/2 200 OK"
2025-07-24 16:24:47,419 - INFO -    ✅ Corregido: Convertir array de strings a JSON
2025-07-24 16:24:47,419 - INFO -    📏 Longitud: 403 → 899 caracteres
2025-07-24 16:24:47,419 - INFO - 
🔧 Corrigiendo Episodio #61 - Popcasting61
2025-07-24 16:24:47,420 - INFO -    ID: 395
2025-07-24 16:24:47,544 - INFO - HTTP Request: PATCH https://ndhmlymnbrewflharfmr.supabase.co/rest/v1/podcasts?id=eq.395 "HTTP/2 200 OK"
2025-07-24 16:24:47,547 - INFO -    ✅ Corregido: Convertir array de strings a JSON
2025-07-24 16:24:47,547 - INFO -    📏 Longitud: 555 → 1158 caracteres
2025-07-24 16:24:47,547 - INFO - 
🔧 Corrigiendo Episodio #60 - Popcasting60
2025-07-24 16:24:47,547 - INFO -    ID: 396
2025-07-24 16:24:47,672 - INFO - HTTP Request: PATCH https://ndhmlymnbrewflharfmr.supabase.co/rest/v1/podcasts?id=eq.396 "HTTP/2 200 OK"
2025-07-24 16:24:47,674 - INFO -    ✅ Corregido: Convertir array de strings a JSON
2025-07-24 16:24:47,674 - INFO -    📏 Longitud: 599 → 1294 caracteres
2025-07-24 16:24:47,675 - INFO - 
================================================================================
2025-07-24 16:24:47,675 - INFO - RESUMEN DE CORRECCIONES
2025-07-24 16:24:47,675 - INFO - ================================================================================
2025-07-24 16:24:47,675 - INFO - Se corrigieron 9 episodios:
2025-07-24 16:24:47,675 - INFO -    • Episodio #276 - Popcasting 276
2025-07-24 16:24:47,675 - INFO -      Agregar posición 1 faltante
2025-07-24 16:24:47,675 - INFO -      Longitud: 1855 → 1955 caracteres
2025-07-24 16:24:47,675 - INFO -    • Episodio #84 - Popcasting84
2025-07-24 16:24:47,675 - INFO -      Convertir array de strings a JSON
2025-07-24 16:24:47,675 - INFO -      Longitud: 431 → 927 caracteres
2025-07-24 16:24:47,676 - INFO -    • Episodio #68 - Popcasting68
2025-07-24 16:24:47,676 - INFO -      Convertir array de strings a JSON
2025-07-24 16:24:47,676 - INFO -      Longitud: 420 → 921 caracteres
2025-07-24 16:24:47,676 - INFO -    • Episodio #67 - Popcasting67
2025-07-24 16:24:47,676 - INFO -      Convertir array de strings a JSON
2025-07-24 16:24:47,676 - INFO -      Longitud: 459 → 1001 caracteres
2025-07-24 16:24:47,676 - INFO -    • Episodio #66 - Popcasting66
2025-07-24 16:24:47,676 - INFO -      Convertir array de strings a JSON
2025-07-24 16:24:47,676 - INFO -      Longitud: 401 → 902 caracteres
2025-07-24 16:24:47,676 - INFO -    • Episodio #65 - Popcasting65
2025-07-24 16:24:47,676 - INFO -      Convertir array de strings a JSON
2025-07-24 16:24:47,676 - INFO -      Longitud: 431 → 932 caracteres
2025-07-24 16:24:47,676 - INFO -    • Episodio #63 - Popcasting63
2025-07-24 16:24:47,676 - INFO -      Convertir array de strings a JSON
2025-07-24 16:24:47,676 - INFO -      Longitud: 403 → 899 caracteres
2025-07-24 16:24:47,676 - INFO -    • Episodio #61 - Popcasting61
2025-07-24 16:24:47,676 - INFO -      Convertir array de strings a JSON
2025-07-24 16:24:47,676 - INFO -      Longitud: 555 → 1158 caracteres
2025-07-24 16:24:47,676 - INFO -    • Episodio #60 - Popcasting60
2025-07-24 16:24:47,676 - INFO -      Convertir array de strings a JSON
2025-07-24 16:24:47,676 - INFO -      Longitud: 599 → 1294 caracteres
2025-07-24 16:24:47,677 - INFO - 
📄 Resumen guardado en: logs/correccion_web_playlist_resumen_9_episodios.txt
