2025-07-24 09:47:17,049 - INFO - Iniciando extracción de imágenes de portada faltantes...
2025-07-24 09:47:17,103 - ERROR - Error obteniendo episodios sin cover: 'SupabaseDatabase' object has no attribute 'execute_query'
2025-07-24 09:47:17,103 - ERROR - Error obteniendo episodios con cover: 'SupabaseDatabase' object has no attribute 'execute_query'
2025-07-24 09:47:17,103 - INFO - Episodios sin imagen de portada: 0
2025-07-24 09:47:17,103 - INFO - Episodios con imagen de portada: 0
2025-07-24 09:47:17,103 - INFO - Total episodios: 0
2025-07-24 09:47:17,103 - INFO - No hay episodios sin imagen de portada.
2025-07-24 09:47:17,103 - ERROR - Error obteniendo episodios sin cover: 'SupabaseDatabase' object has no attribute 'execute_query'
2025-07-24 09:47:17,104 - ERROR - Error obteniendo episodios con cover: 'SupabaseDatabase' object has no attribute 'execute_query'
2025-07-24 09:47:56,148 - INFO - Iniciando extracción de imágenes de portada faltantes...
2025-07-24 09:47:57,217 - INFO - HTTP Request: GET https://ndhmlymnbrewflharfmr.supabase.co/rest/v1/podcasts?select=id%2Cprogram_number%2Ctitle%2Cwordpress_url%2Ccover_image_url&cover_image_url=is.null&wordpress_url=not.is.null&wordpress_url=neq.&order=program_number.asc "HTTP/2 200 OK"
2025-07-24 09:47:57,453 - INFO - HTTP Request: GET https://ndhmlymnbrewflharfmr.supabase.co/rest/v1/podcasts?select=id%2Cprogram_number%2Ctitle%2Cwordpress_url%2Ccover_image_url&cover_image_url=not.is.null&cover_image_url=neq.&order=program_number.asc "HTTP/2 200 OK"
2025-07-24 09:47:57,460 - INFO - Episodios sin imagen de portada: 6
2025-07-24 09:47:57,460 - INFO - Episodios con imagen de portada: 479
2025-07-24 09:47:57,460 - INFO - Total episodios: 485
2025-07-24 09:47:57,460 - INFO - Procesando episodio #65: Popcasting65
2025-07-24 09:47:58,009 - WARNING - Error HTTP 404 para https://popcastingpop.com/episodio-65/
2025-07-24 09:47:59,012 - INFO - Procesando episodio #66: Popcasting66
2025-07-24 09:47:59,432 - WARNING - Error HTTP 404 para https://popcastingpop.com/episodio-66/
2025-07-24 09:48:00,434 - INFO - Procesando episodio #67: Popcasting67
2025-07-24 09:48:00,870 - WARNING - Error HTTP 404 para https://popcastingpop.com/episodio-67/
2025-07-24 09:48:01,871 - INFO - Procesando episodio #68: Popcasting68
2025-07-24 09:48:02,283 - WARNING - Error HTTP 404 para https://popcastingpop.com/episodio-68/
2025-07-24 09:48:03,285 - INFO - Procesando episodio #82: Popcasting #082
2025-07-24 09:48:03,644 - WARNING - No se encontró imagen de portada en https://www.ivoox.com/en/popcasting082-audios-mp3_rf_4464508_1.html
2025-07-24 09:48:04,646 - INFO - Procesando episodio #245: Popcasting245
2025-07-24 09:48:04,993 - INFO - Imagen encontrada: https://secure.gravatar.com/blavatar/04775f8aa0fdb29e3b8bc70ba3d3e0210c77fbd00d62fc2cd08a25b4edfe12bb?s=200&ts=1753122458
2025-07-24 09:48:05,429 - INFO - HTTP Request: PATCH https://ndhmlymnbrewflharfmr.supabase.co/rest/v1/podcasts?id=eq.241 "HTTP/2 200 OK"
2025-07-24 09:48:05,433 - INFO - Actualizado episodio 241 con cover: https://secure.gravatar.com/blavatar/04775f8aa0fdb29e3b8bc70ba3d3e0210c77fbd00d62fc2cd08a25b4edfe12bb?s=200&ts=1753122458
2025-07-24 09:48:06,865 - INFO - HTTP Request: GET https://ndhmlymnbrewflharfmr.supabase.co/rest/v1/podcasts?select=id%2Cprogram_number%2Ctitle%2Cwordpress_url%2Ccover_image_url&cover_image_url=is.null&wordpress_url=not.is.null&wordpress_url=neq.&order=program_number.asc "HTTP/2 200 OK"
2025-07-24 09:48:07,207 - INFO - HTTP Request: GET https://ndhmlymnbrewflharfmr.supabase.co/rest/v1/podcasts?select=id%2Cprogram_number%2Ctitle%2Cwordpress_url%2Ccover_image_url&cover_image_url=not.is.null&cover_image_url=neq.&order=program_number.asc "HTTP/2 200 OK"
2025-07-24 09:48:07,211 - INFO - Extracción completada. Reporte guardado en logs/cover_image_extraction_report.txt
