2025-07-18 17:36:49,427 - INFO - Proceso de extracción finalizado
2025-07-18 17:36:49,427 - INFO - Total de episodios procesados: 396
2025-07-18 17:36:49,427 - INFO - Total de canciones añadidas/actualizadas: 6272
2025-07-18 17:47:06,033 - INFO - Proceso de extracción finalizado
2025-07-18 17:47:06,037 - INFO - Total de episodios procesados: 396
2025-07-18 17:47:06,037 - INFO - Total de canciones añadidas/actualizadas: 6284
2025-07-18 17:48:12,013 - INFO - Proceso de extracción finalizado
2025-07-18 17:48:12,014 - INFO - Total de episodios procesados: 396
2025-07-18 17:48:12,014 - INFO - Total de canciones añadidas/actualizadas: 6284
2025-07-18 18:02:51,285 - INFO - Proceso de extracción finalizado
2025-07-18 18:02:51,286 - INFO - Total de episodios procesados: 396
2025-07-18 18:02:51,286 - INFO - Total de canciones añadidas/actualizadas: 6284
2025-07-18 18:23:22,480 - INFO - Proceso de extracción finalizado
2025-07-18 18:23:22,483 - INFO - Total de episodios procesados: 396
2025-07-18 18:23:22,483 - INFO - Total de canciones añadidas/actualizadas: 6286
2025-07-18 18:24:26,953 - INFO - Proceso de extracción finalizado
2025-07-18 18:24:26,953 - INFO - Total de episodios procesados: 396
2025-07-18 18:24:26,953 - INFO - Total de canciones añadidas/actualizadas: 6287
2025-07-18 18:25:46,915 - INFO - Proceso de extracción finalizado
2025-07-18 18:25:46,915 - INFO - Total de episodios procesados: 396
2025-07-18 18:25:46,915 - INFO - Total de canciones añadidas/actualizadas: 6289
2025-07-18 18:30:15,050 - INFO - Proceso de extracción finalizado
2025-07-18 18:30:15,050 - INFO - Total de episodios procesados: 396
2025-07-18 18:30:15,050 - INFO - Total de canciones añadidas/actualizadas: 6289
2025-07-18 18:31:08,161 - INFO - Proceso de extracción finalizado
2025-07-18 18:31:08,161 - INFO - Total de episodios procesados: 396
2025-07-18 18:31:08,161 - INFO - Total de canciones añadidas/actualizadas: 6289
2025-07-18 18:51:53,218 - INFO - Proceso de extracción finalizado
2025-07-18 18:51:53,221 - INFO - Total de episodios procesados: 396
2025-07-18 18:51:53,221 - INFO - Total de canciones añadidas/actualizadas: 6289
2025-07-18 18:58:20,773 - INFO - Proceso de extracción finalizado
2025-07-18 18:58:20,773 - INFO - Total de episodios procesados: 396
2025-07-18 18:58:20,773 - INFO - Total de canciones añadidas/actualizadas: 6289
2025-07-18 19:06:17,764 - INFO - Proceso de extracción finalizado
2025-07-18 19:06:17,764 - INFO - Total de episodios procesados: 396
2025-07-18 19:06:17,764 - INFO - Total de canciones añadidas/actualizadas: 6289
2025-07-18 19:13:04,659 - INFO - Proceso de extracción finalizado
2025-07-18 19:13:04,660 - INFO - Total de episodios procesados: 396
2025-07-18 19:13:04,660 - INFO - Total de canciones añadidas/actualizadas: 6289
2025-07-18 19:19:06,221 - INFO - Proceso de extracción finalizado
2025-07-18 19:19:06,222 - INFO - Total de episodios procesados: 396
2025-07-18 19:19:06,222 - INFO - Total de canciones añadidas/actualizadas: 6289
2025-07-18 19:20:59,892 - INFO - Proceso de extracción finalizado
2025-07-18 19:20:59,892 - INFO - Total de episodios procesados: 396
2025-07-18 19:20:59,892 - INFO - Total de canciones añadidas/actualizadas: 6289
2025-07-18 19:26:55,103 - INFO - Proceso de extracción finalizado
2025-07-18 19:26:55,104 - INFO - Total de episodios procesados: 396
2025-07-18 19:26:55,104 - INFO - Total de canciones añadidas/actualizadas: 6289
2025-07-19 10:57:40,618 - INFO - Proceso de extracción finalizado
2025-07-19 10:57:40,619 - INFO - Total de episodios procesados: 396
2025-07-19 10:57:40,619 - INFO - Total de canciones añadidas/actualizadas: 265
2025-07-19 10:57:40,619 - INFO - ✅ Sistema de control de cambios activado - solo se actualiza contenido modificado
2025-07-19 10:59:19,266 - INFO - Proceso de extracción finalizado
2025-07-19 10:59:19,266 - INFO - Total de episodios procesados: 396
2025-07-19 10:59:19,266 - INFO - Total de canciones añadidas/actualizadas: 22
2025-07-19 10:59:19,266 - INFO - ✅ Sistema de control de cambios activado - solo se actualiza contenido modificado
2025-07-19 10:59:44,840 - INFO - Proceso de extracción finalizado
2025-07-19 10:59:44,841 - INFO - Total de episodios procesados: 396
2025-07-19 10:59:44,841 - INFO - Total de canciones añadidas/actualizadas: 22
2025-07-19 10:59:44,841 - INFO - ✅ Sistema de control de cambios activado - solo se actualiza contenido modificado
2025-07-19 11:02:47,506 - INFO - Proceso de extracción finalizado
2025-07-19 11:02:47,506 - INFO - Total de episodios procesados: 396
2025-07-19 11:02:47,506 - INFO - Total de canciones añadidas/actualizadas: 22
2025-07-19 11:02:47,506 - INFO - ✅ Sistema de control de cambios activado - solo se actualiza contenido modificado
2025-07-19 11:03:52,366 - INFO - Proceso de extracción finalizado
2025-07-19 11:03:52,367 - INFO - Total de episodios procesados: 396
2025-07-19 11:03:52,367 - INFO - Total de canciones añadidas/actualizadas: 22
2025-07-19 11:03:52,367 - INFO - ✅ Sistema de control de cambios activado - solo se actualiza contenido modificado
2025-07-19 11:23:28,708 - INFO - Proceso de extracción web finalizado
2025-07-19 11:23:28,709 - INFO - Episodios procesados: 3
2025-07-19 11:23:28,710 - INFO - Errores: 0
2025-07-19 18:02:21,090 - INFO - Proceso de extracción finalizado
2025-07-19 18:02:21,091 - INFO - Total de episodios procesados: 396
2025-07-19 18:02:21,091 - INFO - Total de canciones añadidas/actualizadas: 24
2025-07-19 18:02:21,091 - INFO - ✅ Sistema de control de cambios activado - solo se actualiza contenido modificado
2025-07-19 18:02:50,123 - ERROR - Error al procesar https://feeds.feedburner.com/Popcasting: 'title'
2025-07-19 18:02:51,993 - ERROR - Error al procesar https://feeds.feedburner.com/Popcasting?format=xml: 'title'
2025-07-19 18:02:51,993 - INFO - Proceso de extracción finalizado
2025-07-19 18:02:51,993 - INFO - Total de episodios procesados: 0
2025-07-19 18:02:51,993 - INFO - Total de canciones añadidas/actualizadas: 0
2025-07-19 18:02:51,993 - INFO - ✅ Sistema de control de cambios activado - solo se actualiza contenido modificado
2025-07-19 18:14:43,873 - INFO - Proceso de extracción web finalizado
2025-07-19 18:14:43,873 - INFO - Episodios procesados: 8
2025-07-19 18:14:43,873 - INFO - Errores: 2
2025-07-19 18:16:36,139 - INFO - Proceso de extracción web finalizado
2025-07-19 18:16:36,139 - INFO - Episodios procesados: 47
2025-07-19 18:16:36,139 - INFO - Errores: 3
