2025-07-24 09:57:56,842 - INFO - Iniciando corrección de URLs de imágenes de portada problemáticas...
2025-07-24 09:57:57,237 - INFO - HTTP Request: GET https://ndhmlymnbrewflharfmr.supabase.co/rest/v1/podcasts?select=id%2Cprogram_number%2Ctitle%2Ccover_image_url%2Cwordpress_url&cover_image_url=not.is.null&cover_image_url=neq.&order=program_number.asc "HTTP/2 200 OK"
2025-07-24 09:57:57,240 - INFO - Total episodios con imágenes de portada: 485
2025-07-24 09:57:57,242 - INFO - Episodios con URLs problemáticas: 10
2025-07-24 09:57:57,242 - INFO - Procesando episodio #192: Popcasting192
2025-07-24 09:57:57,242 - INFO - Problemas identificados: URL de descarga/icono pequeño, Nombre de archivo genérico
2025-07-24 09:57:57,242 - INFO - URL original: https://popcastingpop.com/wp-content/uploads/2009/05/downloadsmall.jpg
2025-07-24 09:57:57,243 - INFO - Nueva URL propuesta: https://popcastingpop.com/wp-content/uploads/2010/01/192.jpg
2025-07-24 09:57:57,377 - INFO - HTTP Request: PATCH https://ndhmlymnbrewflharfmr.supabase.co/rest/v1/podcasts?id=eq.296 "HTTP/2 200 OK"
2025-07-24 09:57:57,378 - INFO - Actualizado episodio 296 con nueva URL: https://popcastingpop.com/wp-content/uploads/2010/01/192.jpg
2025-07-24 09:57:57,378 - INFO - Procesando episodio #215: Popcasting215
2025-07-24 09:57:57,378 - INFO - Problemas identificados: URL de descarga/icono pequeño, Nombre de archivo genérico
2025-07-24 09:57:57,378 - INFO - URL original: https://popcastingpop.com/wp-content/uploads/2009/05/downloadsmall.jpg
2025-07-24 09:57:57,378 - INFO - Nueva URL propuesta: https://popcastingpop.com/wp-content/uploads/2013/01/popcasting_215.jpg
2025-07-24 09:57:57,500 - INFO - HTTP Request: PATCH https://ndhmlymnbrewflharfmr.supabase.co/rest/v1/podcasts?id=eq.272 "HTTP/2 200 OK"
2025-07-24 09:57:57,501 - INFO - Actualizado episodio 272 con nueva URL: https://popcastingpop.com/wp-content/uploads/2013/01/popcasting_215.jpg
2025-07-24 09:57:57,501 - INFO - Procesando episodio #217: Popcasting217
2025-07-24 09:57:57,501 - INFO - Problemas identificados: Nombre de archivo genérico
2025-07-24 09:57:57,501 - INFO - URL original: https://popcastingpop.com/wp-content/uploads/2014/07/descarga.jpg
2025-07-24 09:57:57,501 - INFO - Nueva URL propuesta: https://popcastingpop.com/wp-content/uploads/2013/01/217.jpg
2025-07-24 09:57:57,620 - INFO - HTTP Request: PATCH https://ndhmlymnbrewflharfmr.supabase.co/rest/v1/podcasts?id=eq.270 "HTTP/2 200 OK"
2025-07-24 09:57:57,620 - INFO - Actualizado episodio 270 con nueva URL: https://popcastingpop.com/wp-content/uploads/2013/01/217.jpg
2025-07-24 09:57:57,620 - INFO - Procesando episodio #226: Popcasting226
2025-07-24 09:57:57,620 - INFO - Problemas identificados: Nombre de archivo genérico
2025-07-24 09:57:57,621 - INFO - URL original: https://popcastingpop.com/wp-content/uploads/2014/11/descarga.jpg
2025-07-24 09:57:57,621 - INFO - Nueva URL propuesta: https://popcastingpop.com/wp-content/uploads/2013/01/226.jpg
2025-07-24 09:57:57,746 - INFO - HTTP Request: PATCH https://ndhmlymnbrewflharfmr.supabase.co/rest/v1/podcasts?id=eq.260 "HTTP/2 200 OK"
2025-07-24 09:57:57,746 - INFO - Actualizado episodio 260 con nueva URL: https://popcastingpop.com/wp-content/uploads/2013/01/226.jpg
2025-07-24 09:57:57,747 - INFO - Procesando episodio #227: Popcasting227
2025-07-24 09:57:57,747 - INFO - Problemas identificados: Nombre de archivo genérico
2025-07-24 09:57:57,747 - INFO - URL original: https://popcastingpop.com/wp-content/uploads/2014/12/images.jpg
2025-07-24 09:57:57,747 - INFO - Nueva URL propuesta: https://popcastingpop.com/wp-content/uploads/2013/01/episodio_227.jpg
2025-07-24 09:57:57,865 - INFO - HTTP Request: PATCH https://ndhmlymnbrewflharfmr.supabase.co/rest/v1/podcasts?id=eq.259 "HTTP/2 200 OK"
2025-07-24 09:57:57,866 - INFO - Actualizado episodio 259 con nueva URL: https://popcastingpop.com/wp-content/uploads/2013/01/episodio_227.jpg
2025-07-24 09:57:57,866 - INFO - Procesando episodio #245: Popcasting245
2025-07-24 09:57:57,866 - INFO - Problemas identificados: URL de Gravatar (no es imagen de portada), No parece ser una imagen
2025-07-24 09:57:57,866 - INFO - URL original: https://secure.gravatar.com/blavatar/04775f8aa0fdb29e3b8bc70ba3d3e0210c77fbd00d62fc2cd08a25b4edfe12bb
2025-07-24 09:57:57,866 - INFO - Nueva URL propuesta: https://popcastingpop.com/wp-content/uploads/2013/01/245.png
2025-07-24 09:57:57,987 - INFO - HTTP Request: PATCH https://ndhmlymnbrewflharfmr.supabase.co/rest/v1/podcasts?id=eq.241 "HTTP/2 200 OK"
2025-07-24 09:57:57,987 - INFO - Actualizado episodio 241 con nueva URL: https://popcastingpop.com/wp-content/uploads/2013/01/245.png
2025-07-24 09:57:57,987 - INFO - Procesando episodio #316: Popcasting316
2025-07-24 09:57:57,987 - INFO - Problemas identificados: Nombre de archivo genérico
2025-07-24 09:57:57,987 - INFO - URL original: https://popcastingpop.com/wp-content/uploads/2018/08/day-ravies-convertimage.png
2025-07-24 09:57:57,987 - INFO - Nueva URL propuesta: https://popcastingpop.com/wp-content/uploads/2015/01/popcasting_316.jpg
2025-07-24 09:57:58,106 - INFO - HTTP Request: PATCH https://ndhmlymnbrewflharfmr.supabase.co/rest/v1/podcasts?id=eq.170 "HTTP/2 200 OK"
2025-07-24 09:57:58,107 - INFO - Actualizado episodio 170 con nueva URL: https://popcastingpop.com/wp-content/uploads/2015/01/popcasting_316.jpg
2025-07-24 09:57:58,107 - INFO - Procesando episodio #334: Popcasting334
2025-07-24 09:57:58,107 - INFO - Problemas identificados: Nombre de archivo genérico
2025-07-24 09:57:58,107 - INFO - URL original: https://popcastingpop.com/wp-content/uploads/2019/05/peggy-convertimage-4.png
2025-07-24 09:57:58,107 - INFO - Nueva URL propuesta: https://popcastingpop.com/wp-content/uploads/2015/01/popcasting_334.jpg
2025-07-24 09:57:58,233 - INFO - HTTP Request: PATCH https://ndhmlymnbrewflharfmr.supabase.co/rest/v1/podcasts?id=eq.152 "HTTP/2 200 OK"
2025-07-24 09:57:58,237 - INFO - Actualizado episodio 152 con nueva URL: https://popcastingpop.com/wp-content/uploads/2015/01/popcasting_334.jpg
2025-07-24 09:57:58,237 - INFO - Procesando episodio #347: Popcasting347
2025-07-24 09:57:58,238 - INFO - Problemas identificados: Nombre de archivo genérico
2025-07-24 09:57:58,238 - INFO - URL original: https://popcastingpop.com/wp-content/uploads/2019/12/descarga.jpg
2025-07-24 09:57:58,238 - INFO - Nueva URL propuesta: https://popcastingpop.com/wp-content/uploads/2015/01/popcasting_347.jpg
2025-07-24 09:57:58,397 - INFO - HTTP Request: PATCH https://ndhmlymnbrewflharfmr.supabase.co/rest/v1/podcasts?id=eq.139 "HTTP/2 200 OK"
2025-07-24 09:57:58,400 - INFO - Actualizado episodio 139 con nueva URL: https://popcastingpop.com/wp-content/uploads/2015/01/popcasting_347.jpg
2025-07-24 09:57:58,400 - INFO - Procesando episodio #392: Popcasting392
2025-07-24 09:57:58,400 - INFO - Problemas identificados: Nombre de archivo genérico
2025-07-24 09:57:58,400 - INFO - URL original: https://popcastingpop.com/wp-content/uploads/2021/10/joel-convertimage.png
2025-07-24 09:57:58,400 - INFO - Nueva URL propuesta: https://popcastingpop.com/wp-content/uploads/2015/01/popcasting_392.jpg
2025-07-24 09:57:58,518 - INFO - HTTP Request: PATCH https://ndhmlymnbrewflharfmr.supabase.co/rest/v1/podcasts?id=eq.94 "HTTP/2 200 OK"
2025-07-24 09:57:58,519 - INFO - Actualizado episodio 94 con nueva URL: https://popcastingpop.com/wp-content/uploads/2015/01/popcasting_392.jpg
2025-07-24 09:57:58,647 - INFO - HTTP Request: GET https://ndhmlymnbrewflharfmr.supabase.co/rest/v1/podcasts?select=id%2Cprogram_number%2Ctitle%2Ccover_image_url%2Cwordpress_url&cover_image_url=not.is.null&cover_image_url=neq.&order=program_number.asc "HTTP/2 200 OK"
2025-07-24 09:57:58,650 - INFO - Corrección completada. Reporte guardado en logs/fix_cover_image_urls_report.txt
