2025-07-24 10:38:52,951 - INFO - Iniciando scraping de episodios específicos...
2025-07-24 10:38:53,323 - INFO - HTTP Request: GET https://ndhmlymnbrewflharfmr.supabase.co/rest/v1/podcasts?select=id%2Cprogram_number%2Ctitle%2Ccover_image_url%2Cwordpress_url&program_number=eq.245 "HTTP/2 200 OK"
2025-07-24 10:38:53,618 - INFO - HTTP Request: GET https://ndhmlymnbrewflharfmr.supabase.co/rest/v1/podcasts?select=id%2Cprogram_number%2Ctitle%2Ccover_image_url%2Cwordpress_url&program_number=eq.192 "HTTP/2 200 OK"
2025-07-24 10:38:53,949 - INFO - HTTP Request: GET https://ndhmlymnbrewflharfmr.supabase.co/rest/v1/podcasts?select=id%2Cprogram_number%2Ctitle%2Ccover_image_url%2Cwordpress_url&program_number=eq.215 "HTTP/2 200 OK"
2025-07-24 10:38:53,950 - INFO - Encontrados 3 episodios específicos
2025-07-24 10:38:53,950 - INFO - Procesando episodio #245: Popcasting245
2025-07-24 10:38:53,950 - INFO - URL actual: https://popcastingpop.com/wp-content/uploads/2013/01/245.png
2025-07-24 10:38:53,950 - INFO - Scraping episodio #245: https://popcastingpop.com/2015/09/01/popcasting-245/
2025-07-24 10:38:54,266 - INFO - Episodio #245: Encontrada en og:image
2025-07-24 10:38:54,266 - INFO - Episodio #245: URL encontrada: https://secure.gravatar.com/blavatar/04775f8aa0fdb29e3b8bc70ba3d3e0210c77fbd00d62fc2cd08a25b4edfe12bb?s=200&ts=1753343285
2025-07-24 10:38:56,268 - INFO - Procesando episodio #192: Popcasting192
2025-07-24 10:38:56,272 - INFO - URL actual: https://popcastingpop.com/wp-content/uploads/2010/01/192.jpg
2025-07-24 10:38:56,272 - INFO - Scraping episodio #192: https://popcastingpop.com/2013/06/15/popcasting-192/
2025-07-24 10:38:56,303 - INFO - Episodio #192: Encontrada en og:image
2025-07-24 10:38:56,303 - INFO - Episodio #192: URL encontrada: https://encrypted-tbn2.gstatic.com/images?q=tbn:ANd9GcQ53QE-23L2GkEzZNbu-ktaikx5yDBWK5tg8-6SdBltUNiIrbnjmQ
2025-07-24 10:38:58,305 - INFO - Procesando episodio #215: Popcasting215
2025-07-24 10:38:58,305 - INFO - URL actual: https://popcastingpop.com/wp-content/uploads/2013/01/popcasting_215.jpg
2025-07-24 10:38:58,305 - INFO - Scraping episodio #215: https://popcastingpop.com/2014/05/31/popcasting-215/
2025-07-24 10:38:58,586 - INFO - Episodio #215: Encontrada en og:image
2025-07-24 10:38:58,586 - INFO - Episodio #215: URL encontrada: http://media-cache-ak0.pinimg.com/236x/ae/5d/f9/ae5df9ac5d9df49c48309516be0b6e07.jpg
2025-07-24 10:39:00,590 - INFO - URLs reales encontradas: 3/3
2025-07-24 10:39:00,590 - INFO - URLs diferentes: 3/3
2025-07-24 10:39:00,916 - INFO - HTTP Request: PATCH https://ndhmlymnbrewflharfmr.supabase.co/rest/v1/podcasts?id=eq.241 "HTTP/2 200 OK"
2025-07-24 10:39:00,921 - INFO - Actualizado episodio 241 con nueva URL: https://secure.gravatar.com/blavatar/04775f8aa0fdb29e3b8bc70ba3d3e0210c77fbd00d62fc2cd08a25b4edfe12bb?s=200&ts=1753343285
2025-07-24 10:39:01,228 - INFO - HTTP Request: PATCH https://ndhmlymnbrewflharfmr.supabase.co/rest/v1/podcasts?id=eq.296 "HTTP/2 200 OK"
2025-07-24 10:39:01,229 - INFO - Actualizado episodio 296 con nueva URL: https://encrypted-tbn2.gstatic.com/images?q=tbn:ANd9GcQ53QE-23L2GkEzZNbu-ktaikx5yDBWK5tg8-6SdBltUNiIrbnjmQ
2025-07-24 10:39:01,552 - INFO - HTTP Request: PATCH https://ndhmlymnbrewflharfmr.supabase.co/rest/v1/podcasts?id=eq.272 "HTTP/2 200 OK"
2025-07-24 10:39:01,554 - INFO - Actualizado episodio 272 con nueva URL: http://media-cache-ak0.pinimg.com/236x/ae/5d/f9/ae5df9ac5d9df49c48309516be0b6e07.jpg
