2025-07-24 16:16:10,503 - ERROR - Error al analizar web_playlist: 'SupabaseDatabase' object has no attribute 'execute_query'
2025-07-24 16:16:34,659 - INFO - HTTP Request: GET https://ndhmlymnbrewflharfmr.supabase.co/rest/v1/podcasts?select=%2A&order=date.desc "HTTP/2 200 OK"
2025-07-24 16:16:34,920 - INFO - Analizando 485 episodios con web_playlist...
2025-07-24 16:16:34,921 - INFO - 
================================================================================
2025-07-24 16:16:34,921 - INFO - ANÁLISIS DE WEB_PLAYLIST - PATRÓN NO ESPERADO
2025-07-24 16:16:34,921 - INFO - ================================================================================
2025-07-24 16:16:34,921 - INFO - Se encontraron 9 episodios con patrón no esperado:
2025-07-24 16:16:34,921 - INFO - Patrón esperado: [{"position": 1, "artist": 
2025-07-24 16:16:34,921 - INFO - ================================================================================
2025-07-24 16:16:34,921 - INFO - 
1. Episodio #276 - Popcasting 276
2025-07-24 16:16:34,921 - INFO -    ID: 210
2025-07-24 16:16:34,921 - INFO -    Fecha: 2025-07-19T15:47:15.029514+00:00
2025-07-24 16:16:34,921 - INFO -    Longitud: 1855 caracteres
2025-07-24 16:16:34,921 - INFO -    Inicio del web_playlist:
2025-07-24 16:16:34,921 - INFO -    [{"position": 2, "artist": "kevin junior & los tupper", "title": "coming home for christmas"}, {"pos...
2025-07-24 16:16:34,921 - INFO -    ------------------------------------------------------------
2025-07-24 16:16:34,921 - INFO - 
2. Episodio #84 - Popcasting84
2025-07-24 16:16:34,921 - INFO -    ID: 386
2025-07-24 16:16:34,921 - INFO -    Fecha: 2025-07-19T15:47:56.599749+00:00
2025-07-24 16:16:34,921 - INFO -    Longitud: 431 caracteres
2025-07-24 16:16:34,921 - INFO -    Inicio del web_playlist:
2025-07-24 16:16:34,921 - INFO -    ["pete drake \u00b7 forever", "george harrison \u00b7 i live for you", "frank zappa \u00b7 hungry fr...
2025-07-24 16:16:34,921 - INFO -    ------------------------------------------------------------
2025-07-24 16:16:34,921 - INFO - 
3. Episodio #68 - Popcasting68
2025-07-24 16:16:34,921 - INFO -    ID: 388
2025-07-24 16:16:34,921 - INFO -    Fecha: 2025-07-19T15:47:57.048319+00:00
2025-07-24 16:16:34,921 - INFO -    Longitud: 420 caracteres
2025-07-24 16:16:34,921 - INFO -    Inicio del web_playlist:
2025-07-24 16:16:34,921 - INFO -    ["kool and the gang \u00b7 fresh", "mink deville \u00b7 venus of avenue d", "blondie \u00b7 out in t...
2025-07-24 16:16:34,921 - INFO -    ------------------------------------------------------------
2025-07-24 16:16:34,921 - INFO - 
4. Episodio #67 - Popcasting67
2025-07-24 16:16:34,921 - INFO -    ID: 389
2025-07-24 16:16:34,921 - INFO -    Fecha: 2025-07-19T15:47:57.278671+00:00
2025-07-24 16:16:34,921 - INFO -    Longitud: 459 caracteres
2025-07-24 16:16:34,921 - INFO -    Inicio del web_playlist:
2025-07-24 16:16:34,921 - INFO -    ["pale fountains \u00b7 just a girl", "irene \u00b7 by your side", "girlfrendo \u00b7 make up", "the...
2025-07-24 16:16:34,921 - INFO -    ------------------------------------------------------------
2025-07-24 16:16:34,921 - INFO - 
5. Episodio #66 - Popcasting66
2025-07-24 16:16:34,921 - INFO -    ID: 390
2025-07-24 16:16:34,922 - INFO -    Fecha: 2025-07-19T15:47:57.511459+00:00
2025-07-24 16:16:34,922 - INFO -    Longitud: 401 caracteres
2025-07-24 16:16:34,922 - INFO -    Inicio del web_playlist:
2025-07-24 16:16:34,922 - INFO -    ["vashti bunyan \u00b7 wishwanderer", "the mamas and the papas \u00b7 honeymoon (no dough)", "the ho...
2025-07-24 16:16:34,922 - INFO -    ------------------------------------------------------------
2025-07-24 16:16:34,922 - INFO - 
6. Episodio #65 - Popcasting65
2025-07-24 16:16:34,922 - INFO -    ID: 391
2025-07-24 16:16:34,922 - INFO -    Fecha: 2025-07-19T15:47:57.735097+00:00
2025-07-24 16:16:34,922 - INFO -    Longitud: 431 caracteres
2025-07-24 16:16:34,922 - INFO -    Inicio del web_playlist:
2025-07-24 16:16:34,922 - INFO -    ["adele \u00b7 chasing pavements", "the duke spirit \u00b7 the step and the walk", "furniture \u00b7...
2025-07-24 16:16:34,922 - INFO -    ------------------------------------------------------------
2025-07-24 16:16:34,922 - INFO - 
7. Episodio #63 - Popcasting63
2025-07-24 16:16:34,922 - INFO -    ID: 393
2025-07-24 16:16:34,922 - INFO -    Fecha: 2025-07-19T15:47:58.191791+00:00
2025-07-24 16:16:34,922 - INFO -    Longitud: 403 caracteres
2025-07-24 16:16:34,922 - INFO -    Inicio del web_playlist:
2025-07-24 16:16:34,922 - INFO -    ["sibylle baier \u00b7 tonight", "jim white \u00b7 jailbird", "edwyn collins \u00b7 one track mind",...
2025-07-24 16:16:34,922 - INFO -    ------------------------------------------------------------
2025-07-24 16:16:34,922 - INFO - 
8. Episodio #61 - Popcasting61
2025-07-24 16:16:34,922 - INFO -    ID: 395
2025-07-24 16:16:34,922 - INFO -    Fecha: 2025-07-19T15:47:58.70947+00:00
2025-07-24 16:16:34,922 - INFO -    Longitud: 555 caracteres
2025-07-24 16:16:34,922 - INFO -    Inicio del web_playlist:
2025-07-24 16:16:34,922 - INFO -    ["slade \u00b7 merry xmas everybody", "sally shapiro \u00b7 anorak christmas", "the coctails \u00b7 ...
2025-07-24 16:16:34,922 - INFO -    ------------------------------------------------------------
2025-07-24 16:16:34,922 - INFO - 
9. Episodio #60 - Popcasting60
2025-07-24 16:16:34,922 - INFO -    ID: 396
2025-07-24 16:16:34,922 - INFO -    Fecha: 2025-07-19T15:47:58.939031+00:00
2025-07-24 16:16:34,922 - INFO -    Longitud: 599 caracteres
2025-07-24 16:16:34,922 - INFO -    Inicio del web_playlist:
2025-07-24 16:16:34,922 - INFO -    ["nancy & lee \u00b7 you've lost that lovin' feeling", "ville valo & natalia avelon \u00b7 summer wi...
2025-07-24 16:16:34,922 - INFO -    ------------------------------------------------------------
2025-07-24 16:16:34,922 - INFO - 
================================================================================
2025-07-24 16:16:34,922 - INFO - RESUMEN ESTADÍSTICO
2025-07-24 16:16:34,922 - INFO - ================================================================================
2025-07-24 16:16:34,922 - INFO - Total de episodios con web_playlist: 485
2025-07-24 16:16:34,922 - INFO - Episodios con patrón correcto: 476
2025-07-24 16:16:34,922 - INFO - Episodios con patrón incorrecto: 9
2025-07-24 16:16:34,922 - INFO - Porcentaje correcto: 98.14%
2025-07-24 16:16:34,923 - INFO - 
📄 Resultados guardados en: logs/web_playlist_patron_incorrecto_9_episodios.txt
2025-07-24 16:24:50,414 - INFO - HTTP Request: GET https://ndhmlymnbrewflharfmr.supabase.co/rest/v1/podcasts?select=%2A&order=date.desc "HTTP/2 200 OK"
2025-07-24 16:24:50,691 - INFO - Analizando 485 episodios con web_playlist...
2025-07-24 16:24:50,692 - INFO - 
================================================================================
2025-07-24 16:24:50,692 - INFO - ANÁLISIS DE WEB_PLAYLIST - PATRÓN NO ESPERADO
2025-07-24 16:24:50,692 - INFO - ================================================================================
2025-07-24 16:24:50,692 - INFO - ✅ Todos los episodios tienen el patrón esperado en web_playlist
2025-07-24 16:24:50,692 - INFO - 
================================================================================
2025-07-24 16:24:50,692 - INFO - RESUMEN ESTADÍSTICO
2025-07-24 16:24:50,692 - INFO - ================================================================================
2025-07-24 16:24:50,692 - INFO - Total de episodios con web_playlist: 485
2025-07-24 16:24:50,692 - INFO - Episodios con patrón correcto: 485
2025-07-24 16:24:50,692 - INFO - Episodios con patrón incorrecto: 0
2025-07-24 16:24:50,692 - INFO - Porcentaje correcto: 100.00%
